[2025-03-10 20:58:03] 请在 10 秒内选择要执行的步骤（1-4），超时将按顺序执行：
[2025-03-10 20:58:03] 1. 执行 签到指令
[2025-03-10 20:58:03] 2. 执行 三月七助手的一条龙
[2025-03-10 20:58:03] 3. 执行 绝区零 和 better的一条龙
[2025-03-10 20:58:03] 4. 按顺序执行所有步骤
[2025-03-10 20:58:51] StarRail.exe 已经运行了 0 秒
[2025-03-10 20:58:56] StarRail.exe 已经运行了 5 秒
[2025-03-10 20:59:02] StarRail.exe 已经运行了 10 秒
[2025-03-10 20:59:07] StarRail.exe 已经运行了 16 秒
[2025-03-10 20:59:13] StarRail.exe 已经运行了 21 秒
[2025-03-10 20:59:18] StarRail.exe 已经运行了 26 秒
[2025-03-10 20:59:23] StarRail.exe 已经运行了 32 秒
[2025-03-10 20:59:29] StarRail.exe 已经运行了 37 秒
[2025-03-10 20:59:34] 
StarRail.exe 不在运行
[2025-03-10 20:59:50] ZenlessZoneZero.exe 已经运行了 0 秒
[2025-03-10 20:59:55] ZenlessZoneZero.exe 已经运行了 5 秒
[2025-03-10 21:00:01] ZenlessZoneZero.exe 已经运行了 10 秒
[2025-03-10 21:00:06] ZenlessZoneZero.exe 已经运行了 16 秒
[2025-03-10 21:00:12] ZenlessZoneZero.exe 已经运行了 21 秒
[2025-03-10 21:00:17] ZenlessZoneZero.exe 已经运行了 27 秒
[2025-03-10 21:00:22] 
ZenlessZoneZero.exe 不在运行
