[2025-03-11 00:44:54] 
超时，将按顺序执行所有步骤
[2025-03-11 00:44:54] 执行签到指令
[2025-03-11 00:45:37] 执行签到指令时出错: 'NoneType' object has no attribute 'wait'
[2025-03-11 00:45:37] 执行三月七助手的一条龙
[2025-03-11 00:45:43] 开始监控进程: StarRail.exe
[2025-03-11 00:45:43] StarRail.exe 已经在运行
[2025-03-11 00:45:43] StarRail.exe 已经运行了 0 秒                
[2025-03-11 00:45:48] StarRail.exe 已经运行了 5 秒                
[2025-03-11 00:45:54] StarRail.exe 已经运行了 10 秒                
[2025-03-11 00:45:59] StarRail.exe 已经运行了 16 秒                
[2025-03-11 00:46:04] StarRail.exe 已经运行了 21 秒                
[2025-03-11 00:46:09] StarRail.exe 已经运行了 26 秒                
[2025-03-11 00:46:15] StarRail.exe 已经运行了 31 秒                
[2025-03-11 00:46:20] StarRail.exe 已经运行了 37 秒                
[2025-03-11 00:46:25] StarRail.exe 已经运行了 42 秒                
[2025-03-11 00:46:31] StarRail.exe 已经运行了 47 秒                
[2025-03-11 00:46:36] StarRail.exe 已经运行了 53 秒                
[2025-03-11 00:46:41] StarRail.exe 已经运行了 58 秒                
[2025-03-11 00:46:46] StarRail.exe 已经运行了 63 秒                
[2025-03-11 00:46:52] 
StarRail.exe 不在运行
[2025-03-11 00:46:52] 监控程序检测到StarRail.exe已关闭，任务已完成
[2025-03-11 00:46:52] 等待15秒后继续...
[2025-03-11 00:47:07] 结束监控进程: StarRail.exe
[2025-03-11 00:47:07] 三月七助手执行完成
[2025-03-11 00:47:07] 执行绝区零的一条龙
[2025-03-11 00:47:07] 启动绝区零 OneDragon Scheduler
